CRITICAL - 2024-04-25 20:25:17 --> Undefined variable $variable
in APPPATH/Views/cardsProductos.php on line 1.
 1 APPPATH/Views/cardsProductos.php(1): CodeIgniter\Debug\Exceptions->errorHandler(2, 'Undefined variable $variable', '/Applications/XAMPP/xamppfiles/htdocs/EjemploCI/app/Views/cardsProductos.php', 1)
 2 SYSTEMPATH/View/View.php(226): include('/Applications/XAMPP/xamppfiles/htdocs/EjemploCI/app/Views/cardsProductos.php')
 3 SYSTEMPATH/View/View.php(229): CodeIgniter\View\View->CodeIgniter\View\{closure}()
 4 SYSTEMPATH/Common.php(1188): CodeIgniter\View\View->render('cardsProductos', [], true)
 5 APPPATH/Controllers/ProductoController.php(23): view('cardsProductos', [...])
 6 SYSTEMPATH/CodeIgniter.php(919): App\Controllers\ProductoController->showCards()
 7 SYSTEMPATH/CodeIgniter.php(494): CodeIgniter\CodeIgniter->runController(Object(App\Controllers\ProductoController))
 8 SYSTEMPATH/CodeIgniter.php(353): CodeIgniter\CodeIgniter->handleRequest(null, Object(Config\Cache), false)
 9 FCPATH/index.php(79): CodeIgniter\CodeIgniter->run()
10 SYSTEMPATH/Commands/Server/rewrite.php(47): require_once('/Applications/XAMPP/xamppfiles/htdocs/EjemploCI/public/index.php')
CRITICAL - 2024-04-25 20:34:14 --> syntax error, unexpected end of file
in APPPATH/Views/listaProductos.php on line 8.
 1 SYSTEMPATH/View/View.php(229): CodeIgniter\View\View->CodeIgniter\View\{closure}()
 2 SYSTEMPATH/Common.php(1188): CodeIgniter\View\View->render('listaProductos', [], true)
 3 APPPATH/Controllers/ProductoController.php(16): view('listaProductos', [...])
 4 SYSTEMPATH/CodeIgniter.php(919): App\Controllers\ProductoController->show()
 5 SYSTEMPATH/CodeIgniter.php(494): CodeIgniter\CodeIgniter->runController(Object(App\Controllers\ProductoController))
 6 SYSTEMPATH/CodeIgniter.php(353): CodeIgniter\CodeIgniter->handleRequest(null, Object(Config\Cache), false)
 7 FCPATH/index.php(79): CodeIgniter\CodeIgniter->run()
 8 SYSTEMPATH/Commands/Server/rewrite.php(47): require_once('/Applications/XAMPP/xamppfiles/htdocs/EjemploCI/public/index.php')
CRITICAL - 2024-04-25 20:35:11 --> Undefined variable $IdProducto
in APPPATH/Views/listaProductos.php on line 7.
 1 APPPATH/Views/listaProductos.php(7): CodeIgniter\Debug\Exceptions->errorHandler(2, 'Undefined variable $IdProducto', '/Applications/XAMPP/xamppfiles/htdocs/EjemploCI/app/Views/listaProductos.php', 7)
 2 SYSTEMPATH/View/View.php(226): include('/Applications/XAMPP/xamppfiles/htdocs/EjemploCI/app/Views/listaProductos.php')
 3 SYSTEMPATH/View/View.php(229): CodeIgniter\View\View->CodeIgniter\View\{closure}()
 4 SYSTEMPATH/Common.php(1188): CodeIgniter\View\View->render('listaProductos', [], true)
 5 APPPATH/Controllers/ProductoController.php(16): view('listaProductos', [...])
 6 SYSTEMPATH/CodeIgniter.php(919): App\Controllers\ProductoController->show()
 7 SYSTEMPATH/CodeIgniter.php(494): CodeIgniter\CodeIgniter->runController(Object(App\Controllers\ProductoController))
 8 SYSTEMPATH/CodeIgniter.php(353): CodeIgniter\CodeIgniter->handleRequest(null, Object(Config\Cache), false)
 9 FCPATH/index.php(79): CodeIgniter\CodeIgniter->run()
10 SYSTEMPATH/Commands/Server/rewrite.php(47): require_once('/Applications/XAMPP/xamppfiles/htdocs/EjemploCI/public/index.php')
ERROR - 2024-04-25 20:43:14 --> mysqli_sql_exception: Table 'fundamentosbd.prproductos' doesn't exist in /Applications/XAMPP/xamppfiles/htdocs/EjemploCI/system/Database/MySQLi/Connection.php:306
Stack trace:
#0 /Applications/XAMPP/xamppfiles/htdocs/EjemploCI/system/Database/MySQLi/Connection.php(306): mysqli->query('SELECT *\nFROM `...', 0)
#1 /Applications/XAMPP/xamppfiles/htdocs/EjemploCI/system/Database/BaseConnection.php(692): CodeIgniter\Database\MySQLi\Connection->execute('SELECT *\nFROM `...')
#2 /Applications/XAMPP/xamppfiles/htdocs/EjemploCI/system/Database/BaseConnection.php(606): CodeIgniter\Database\BaseConnection->simpleQuery('SELECT *\nFROM `...')
#3 /Applications/XAMPP/xamppfiles/htdocs/EjemploCI/system/Database/BaseBuilder.php(1615): CodeIgniter\Database\BaseConnection->query('SELECT *\nFROM `...', Array, false)
#4 /Applications/XAMPP/xamppfiles/htdocs/EjemploCI/app/Models/ProductosModel.php(49): CodeIgniter\Database\BaseBuilder->get()
#5 /Applications/XAMPP/xamppfiles/htdocs/EjemploCI/app/Controllers/ProductoController.php(29): App\Models\ProductosModel->getDetalle('18')
#6 /Applications/XAMPP/xamppfiles/htdocs/EjemploCI/system/CodeIgniter.php(919): App\Controllers\ProductoController->detalle('18')
#7 /Applications/XAMPP/xamppfiles/htdocs/EjemploCI/system/CodeIgniter.php(494): CodeIgniter\CodeIgniter->runController(Object(App\Controllers\ProductoController))
#8 /Applications/XAMPP/xamppfiles/htdocs/EjemploCI/system/CodeIgniter.php(353): CodeIgniter\CodeIgniter->handleRequest(NULL, Object(Config\Cache), false)
#9 /Applications/XAMPP/xamppfiles/htdocs/EjemploCI/public/index.php(79): CodeIgniter\CodeIgniter->run()
#10 /Applications/XAMPP/xamppfiles/htdocs/EjemploCI/system/Commands/Server/rewrite.php(47): require_once('/Applications/X...')
#11 {main}
CRITICAL - 2024-04-25 20:43:14 --> Table 'fundamentosbd.prproductos' doesn't exist
in SYSTEMPATH/Database/BaseConnection.php on line 646.
 1 SYSTEMPATH/Database/BaseBuilder.php(1615): CodeIgniter\Database\BaseConnection->query('SELECT *
FROM `PRProductos`
WHERE `IdProducto` = :IdProducto:', [...], false)
 2 APPPATH/Models/ProductosModel.php(49): CodeIgniter\Database\BaseBuilder->get()
 3 APPPATH/Controllers/ProductoController.php(29): App\Models\ProductosModel->getDetalle('18')
 4 SYSTEMPATH/CodeIgniter.php(919): App\Controllers\ProductoController->detalle('18')
 5 SYSTEMPATH/CodeIgniter.php(494): CodeIgniter\CodeIgniter->runController(Object(App\Controllers\ProductoController))
 6 SYSTEMPATH/CodeIgniter.php(353): CodeIgniter\CodeIgniter->handleRequest(null, Object(Config\Cache), false)
 7 FCPATH/index.php(79): CodeIgniter\CodeIgniter->run()
 8 SYSTEMPATH/Commands/Server/rewrite.php(47): require_once('/Applications/XAMPP/xamppfiles/htdocs/EjemploCI/public/index.php')
